<?xml version="1.0" encoding="UTF-8"?>
<testng-results ignored="0" total="1" passed="0" failed="1" skipped="0">
  <reporter-output>
    <line>
      <![CDATA[Launch automatedtester app]]>
    </line>
    <line>
      <![CDATA[Click Link Chapter 1]]>
    </line>
    <line>
      <![CDATA[Clic Radio Button]]>
    </line>
    <line>
      <![CDATA[Select "Selenium Core" from dropdown]]>
    </line>
  </reporter-output>
  <suite started-at="2020-09-12T13:24:22Z" name="Default suite" finished-at="2020-09-12T13:24:34Z" duration-ms="11768">
    <groups>
    </groups>
    <test started-at="2020-09-12T13:24:22Z" name="Default test" finished-at="2020-09-12T13:24:34Z" duration-ms="11768">
      <class name="com.automatedtester.qa.TC001_Chapter1_ValidateDropdown">
        <test-method is-config="true" signature="beforeTest()[pri:0, instance:com.automatedtester.qa.TC001_Chapter1_ValidateDropdown@27462a88]" started-at="2020-09-12T13:24:22Z" name="beforeTest" finished-at="2020-09-12T13:24:22Z" duration-ms="33" status="PASS">
          <reporter-output>
          </reporter-output>
        </test-method> <!-- beforeTest -->
        <test-method signature="TC001()[pri:0, instance:com.automatedtester.qa.TC001_Chapter1_ValidateDropdown@27462a88]" started-at="2020-09-12T13:24:22Z" name="TC001" finished-at="2020-09-12T13:24:34Z" duration-ms="11691" status="FAIL">
          <exception class="org.openqa.selenium.NoSuchElementException">
            <message>
              <![CDATA[Cannot locate option with value: Selenium Cod
For documentation on this error, please visit: https://www.seleniumhq.org/exceptions/no_such_element.html
Build info: version: '3.141.59', revision: 'e82be7d358', time: '2018-11-14T08:17:03'
System info: host: 'RDC-C0338', ip: '192.168.1.23', os.name: 'Windows 10', os.arch: 'amd64', os.version: '10.0', java.version: '13.0.2'
Driver info: driver.version: unknown]]>
            </message>
            <full-stacktrace>
              <![CDATA[org.openqa.selenium.NoSuchElementException: Cannot locate option with value: Selenium Cod
For documentation on this error, please visit: https://www.seleniumhq.org/exceptions/no_such_element.html
Build info: version: '3.141.59', revision: 'e82be7d358', time: '2018-11-14T08:17:03'
System info: host: 'RDC-C0338', ip: '192.168.1.23', os.name: 'Windows 10', os.arch: 'amd64', os.version: '10.0', java.version: '13.0.2'
Driver info: driver.version: unknown
at org.openqa.selenium.support.ui.Select.findOptionsByValue(Select.java:283)
at org.openqa.selenium.support.ui.Select.selectByValue(Select.java:186)
at com.automatedtester.qa.TC001_Chapter1_ValidateDropdown.TC001(TC001_Chapter1_ValidateDropdown.java:48)
at java.base/jdk.internal.reflect.NativeMethodAccessorImpl.invoke0(Native Method)
at java.base/jdk.internal.reflect.NativeMethodAccessorImpl.invoke(NativeMethodAccessorImpl.java:62)
at java.base/jdk.internal.reflect.DelegatingMethodAccessorImpl.invoke(DelegatingMethodAccessorImpl.java:43)
at java.base/java.lang.reflect.Method.invoke(Method.java:567)
at org.testng.internal.MethodInvocationHelper.invokeMethod(MethodInvocationHelper.java:124)
at org.testng.internal.Invoker.invokeMethod(Invoker.java:583)
at org.testng.internal.Invoker.invokeTestMethod(Invoker.java:719)
at org.testng.internal.Invoker.invokeTestMethods(Invoker.java:989)
at org.testng.internal.TestMethodWorker.invokeTestMethods(TestMethodWorker.java:125)
at org.testng.internal.TestMethodWorker.run(TestMethodWorker.java:109)
at org.testng.TestRunner.privateRun(TestRunner.java:648)
at org.testng.TestRunner.run(TestRunner.java:505)
at org.testng.SuiteRunner.runTest(SuiteRunner.java:455)
at org.testng.SuiteRunner.runSequentially(SuiteRunner.java:450)
at org.testng.SuiteRunner.privateRun(SuiteRunner.java:415)
at org.testng.SuiteRunner.run(SuiteRunner.java:364)
at org.testng.SuiteRunnerWorker.runSuite(SuiteRunnerWorker.java:52)
at org.testng.SuiteRunnerWorker.run(SuiteRunnerWorker.java:84)
at org.testng.TestNG.runSuitesSequentially(TestNG.java:1208)
at org.testng.TestNG.runSuitesLocally(TestNG.java:1137)
at org.testng.TestNG.runSuites(TestNG.java:1049)
at org.testng.TestNG.run(TestNG.java:1017)
at org.testng.remote.AbstractRemoteTestNG.run(AbstractRemoteTestNG.java:115)
at org.testng.remote.RemoteTestNG.initAndRun(RemoteTestNG.java:251)
at org.testng.remote.RemoteTestNG.main(RemoteTestNG.java:77)
]]>
            </full-stacktrace>
          </exception> <!-- org.openqa.selenium.NoSuchElementException -->
          <reporter-output>
            <line>
              <![CDATA[Launch automatedtester app]]>
            </line>
            <line>
              <![CDATA[Click Link Chapter 1]]>
            </line>
            <line>
              <![CDATA[Clic Radio Button]]>
            </line>
            <line>
              <![CDATA[Select "Selenium Core" from dropdown]]>
            </line>
          </reporter-output>
        </test-method> <!-- TC001 -->
        <test-method is-config="true" signature="afterTest()[pri:0, instance:com.automatedtester.qa.TC001_Chapter1_ValidateDropdown@27462a88]" started-at="2020-09-12T13:24:34Z" name="afterTest" finished-at="2020-09-12T13:24:34Z" duration-ms="1" status="PASS">
          <reporter-output>
          </reporter-output>
        </test-method> <!-- afterTest -->
      </class> <!-- com.automatedtester.qa.TC001_Chapter1_ValidateDropdown -->
    </test> <!-- Default test -->
  </suite> <!-- Default suite -->
</testng-results>
